<?xml version="1.0" encoding="UTF-8"?>
<!-- Generated by org.testng.reporters.JUnitXMLReporter -->
<testsuite ignored="0" hostname="DESKTOP-14DE18T" failures="0" tests="2" name="RegressionOnEdge" time="0.037" errors="0" timestamp="2023-11-06T12:43:34 IST">
  <testcase classname="test.SwagLabLoginTestPage" name="loginWithLockedOutUser" time="0.0">
    <skipped/>
  </testcase> <!-- loginWithLockedOutUser -->
  <testcase classname="test.SwagLabLoginTestPage" name="loginWithStandardUser" time="0.0">
    <skipped/>
  </testcase> <!-- loginWithStandardUser -->
</testsuite> <!-- RegressionOnEdge -->
