<?xml version="1.0" encoding="UTF-8"?>
<testng-results ignored="0" total="1" passed="1" failed="0" skipped="0">
  <reporter-output>
  </reporter-output>
  <suite started-at="2023-11-08T20:36:09 IST" name="Default suite" finished-at="2023-11-08T20:36:25 IST" duration-ms="15467">
    <groups>
    </groups>
    <test started-at="2023-11-08T20:36:09 IST" name="Default test" finished-at="2023-11-08T20:36:25 IST" duration-ms="15467">
      <class name="test.SwagLabProductSearchPageTest">
        <test-method is-config="true" signature="openBrowser()[pri:0, instance:test.SwagLabProductSearchPageTest@4f83df68]" started-at="2023-11-08T20:36:10 IST" name="openBrowser" finished-at="2023-11-08T20:36:23 IST" duration-ms="13758" status="PASS">
          <reporter-output>
          </reporter-output>
        </test-method> <!-- openBrowser -->
        <test-method signature="verifyingProductAddedToCart()[pri:0, instance:test.SwagLabProductSearchPageTest@4f83df68]" started-at="2023-11-08T20:36:23 IST" name="verifyingProductAddedToCart" finished-at="2023-11-08T20:36:25 IST" duration-ms="1576" status="PASS">
          <reporter-output>
          </reporter-output>
        </test-method> <!-- verifyingProductAddedToCart -->
      </class> <!-- test.SwagLabProductSearchPageTest -->
    </test> <!-- Default test -->
  </suite> <!-- Default suite -->
</testng-results>
